<!DOCTYPE html PUBLIC "-//W3C//DTD XHTML 1.1//EN" "https://www.w3.org/TR/xhtml11/DTD/xhtml11.dtd">
<html xmlns="https://www.w3.org/1999/xhtml">
<head>
<meta http-equiv="content-type" content="text/html; charset=UTF-8"/>
<title>TestNG Report</title>
<style type="text/css">table {margin-bottom:10px;border-collapse:collapse;empty-cells:show}th,td {border:1px solid #009;padding:.25em .5em}th {vertical-align:bottom}td {vertical-align:top}table a {font-weight:bold}.stripe td {background-color: #E6EBF9}.num {text-align:right}.passedodd td {background-color: #3F3}.passedeven td {background-color: #0A0}.skippedodd td {background-color: #DDD}.skippedeven td {background-color: #CCC}.failedodd td,.attn {background-color: #F33}.failedeven td,.stripe .attn {background-color: #D00}.stacktrace {white-space:pre;font-family:monospace}.totop {font-size:85%;text-align:center;border-bottom:2px solid #000}.invisible {display:none}</style>
</head>
<body>
<table>
<tr><th>Test</th><th># Passed</th><th># Skipped</th><th># Retried</th><th># Failed</th><th>Time (ms)</th><th>Included Groups</th><th>Excluded Groups</th></tr>
<tr><th colspan="8">Amazon Test Suite</th></tr>
<tr><td><a href="#t0">Homepage tests on Chrome</a></td><td class="num">0</td><td class="num attn">2</td><td class="num">0</td><td class="num">0</td><td class="num">87</td><td></td><td></td></tr>
<tr class="stripe"><td><a href="#t1">Homepage tests on Firefox</a></td><td class="num">0</td><td class="num attn">2</td><td class="num">0</td><td class="num">0</td><td class="num">117</td><td></td><td></td></tr>
<tr><th>Total</th><th class="num">0</th><th class="num attn">4</th><th class="num">0</th><th class="num">0</th><th class="num">204</th><th colspan="2"></th></tr>
</table>
<table id='summary'><thead><tr><th>Class</th><th>Method</th><th>Start</th><th>Time (ms)</th></tr></thead><tbody><tr><th colspan="4">Amazon Test Suite</th></tr></tbody><tbody id="t0"><tr><th colspan="4">Homepage tests on Chrome &#8212; failed (configuration methods)</th></tr><tr class="failedeven"><td rowspan="4">com.renewBuy.tests.AmazonTests</td><td><a href="#m0">cleanUp</a></td><td rowspan="2">1656048944211</td><td rowspan="2">1</td></tr><tr class="failedeven"><td><a href="#m1">cleanUp</a></td></tr><tr class="failedeven"><td><a href="#m2">setup</a></td><td rowspan="2">1656048944184</td><td rowspan="2">2</td></tr><tr class="failedeven"><td><a href="#m3">setup</a></td></tr><tr><th colspan="4">Homepage tests on Chrome &#8212; skipped</th></tr><tr class="skippedeven"><td rowspan="2">com.renewBuy.tests.AmazonTests</td><td><a href="#m4">searchProduct</a></td><td rowspan="1">1656048944226</td><td rowspan="1">1</td></tr><tr class="skippedeven"><td><a href="#m5">verifyHomepageTitle</a></td><td rowspan="1">1656048944199</td><td rowspan="1">0</td></tr></tbody>
<tbody id="t1"><tr><th colspan="4">Homepage tests on Firefox &#8212; failed (configuration methods)</th></tr><tr class="failedeven"><td rowspan="4">com.renewBuy.tests.AmazonTests</td><td><a href="#m6">cleanUp</a></td><td rowspan="2">1656048944430</td><td rowspan="2">1</td></tr><tr class="failedeven"><td><a href="#m7">cleanUp</a></td></tr><tr class="failedeven"><td><a href="#m8">setup</a></td><td rowspan="2">1656048944393</td><td rowspan="2">4</td></tr><tr class="failedeven"><td><a href="#m9">setup</a></td></tr><tr><th colspan="4">Homepage tests on Firefox &#8212; skipped</th></tr><tr class="skippedeven"><td rowspan="2">com.renewBuy.tests.AmazonTests</td><td><a href="#m10">searchProduct</a></td><td rowspan="1">1656048944417</td><td rowspan="1">0</td></tr><tr class="skippedeven"><td><a href="#m11">verifyHomepageTitle</a></td><td rowspan="1">1656048944368</td><td rowspan="1">0</td></tr></tbody>
</table>
<h2>Homepage tests on Chrome</h2><h3 id="m0">com.renewBuy.tests.AmazonTests#cleanUp</h3><table class="result"><tr class="param"><th>Parameter #1</th></tr><tr class="param stripe"><td>[TestResult name={null} status=CREATED method=AmazonTests.verifyHomepageTitle()[pri:1000, instance:com.renewBuy.tests.AmazonTests@31368b99] output={null}]</td></tr><tr><th>Exception</th></tr><tr><td><div class="stacktrace">java.lang.NullPointerException: Cannot invoke &quot;utils.ReportUtils.addLogs(String, String)&quot; because &quot;this.reportUtils&quot; is null
	at com.renewBuy.tests.BaseTest.cleanUp(BaseTest.java:106)
	at java.base/java.util.ArrayList.forEach(ArrayList.java:1511)
... Removed 32 stack frames</div></td></tr></table><p class="totop"><a href="#summary">back to summary</a></p>
<h3 id="m1">com.renewBuy.tests.AmazonTests#cleanUp</h3><table class="result"><tr class="param"><th>Parameter #1</th></tr><tr class="param stripe"><td>[TestResult name={null} status=CREATED method=AmazonTests.searchProduct()[pri:2000, instance:com.renewBuy.tests.AmazonTests@31368b99] output={null}]</td></tr><tr><th>Exception</th></tr><tr><td><div class="stacktrace">java.lang.NullPointerException: Cannot invoke &quot;utils.ReportUtils.addLogs(String, String)&quot; because &quot;this.reportUtils&quot; is null
	at com.renewBuy.tests.BaseTest.cleanUp(BaseTest.java:106)
	at java.base/java.util.ArrayList.forEach(ArrayList.java:1511)
... Removed 32 stack frames</div></td></tr></table><p class="totop"><a href="#summary">back to summary</a></p>
<h3 id="m2">com.renewBuy.tests.AmazonTests#setup</h3><table class="result"><tr class="param"><th>Parameter #1</th></tr><tr class="param stripe"><td>chrome</td></tr><tr><th>Exception</th></tr><tr><td><div class="stacktrace">java.lang.NullPointerException: Cannot invoke &quot;utils.ReportUtils.createTestCase(String, String)&quot; because &quot;this.reportUtils&quot; is null
	at com.renewBuy.tests.BaseTest.setup(BaseTest.java:85)
	at java.base/java.util.ArrayList.forEach(ArrayList.java:1511)
... Removed 31 stack frames</div></td></tr></table><p class="totop"><a href="#summary">back to summary</a></p>
<h3 id="m3">com.renewBuy.tests.AmazonTests#setup</h3><table class="result"><tr class="param"><th>Parameter #1</th></tr><tr class="param stripe"><td>chrome</td></tr><tr><th>Exception</th></tr><tr><td><div class="stacktrace">java.lang.NullPointerException: Cannot invoke &quot;utils.ReportUtils.createTestCase(String, String)&quot; because &quot;this.reportUtils&quot; is null
	at com.renewBuy.tests.BaseTest.setup(BaseTest.java:85)
	at java.base/java.util.ArrayList.forEach(ArrayList.java:1511)
... Removed 31 stack frames</div></td></tr></table><p class="totop"><a href="#summary">back to summary</a></p>
<h3 id="m4">com.renewBuy.tests.AmazonTests#searchProduct</h3><table class="result"><tr><th>Exception</th></tr><tr><td><div class="stacktrace">java.lang.NullPointerException: Cannot invoke &quot;utils.ReportUtils.addLogs(String, String)&quot; because &quot;this.reportUtils&quot; is null
	at com.renewBuy.tests.BaseTest.cleanUp(BaseTest.java:106)
	at java.base/java.util.ArrayList.forEach(ArrayList.java:1511)
... Removed 32 stack frames</div></td></tr></table><p class="totop"><a href="#summary">back to summary</a></p>
<h3 id="m5">com.renewBuy.tests.AmazonTests#verifyHomepageTitle</h3><table class="result"><tr><th>Exception</th></tr><tr><td><div class="stacktrace">java.lang.NullPointerException: Cannot invoke &quot;utils.ReportUtils.createTestCase(String, String)&quot; because &quot;this.reportUtils&quot; is null
	at com.renewBuy.tests.BaseTest.setup(BaseTest.java:85)
	at java.base/java.util.ArrayList.forEach(ArrayList.java:1511)
... Removed 31 stack frames</div></td></tr></table><p class="totop"><a href="#summary">back to summary</a></p>
<h2>Homepage tests on Firefox</h2><h3 id="m6">com.renewBuy.tests.AmazonTests#cleanUp</h3><table class="result"><tr class="param"><th>Parameter #1</th></tr><tr class="param stripe"><td>[TestResult name={null} status=CREATED method=AmazonTests.searchProduct()[pri:2000, instance:com.renewBuy.tests.AmazonTests@15ff3e9e] output={null}]</td></tr><tr><th>Exception</th></tr><tr><td><div class="stacktrace">java.lang.NullPointerException: Cannot invoke &quot;commonLibs.CommonDriver.closeAllBrowser()&quot; because &quot;this.cmnDriver&quot; is null
	at com.renewBuy.tests.BaseTest.closeBrowerInstance(BaseTest.java:154)
	at com.renewBuy.tests.BaseTest.cleanUp(BaseTest.java:109)
	at java.base/java.util.ArrayList.forEach(ArrayList.java:1511)
... Removed 32 stack frames</div></td></tr></table><p class="totop"><a href="#summary">back to summary</a></p>
<h3 id="m7">com.renewBuy.tests.AmazonTests#cleanUp</h3><table class="result"><tr class="param"><th>Parameter #1</th></tr><tr class="param stripe"><td>[TestResult name={null} status=CREATED method=AmazonTests.verifyHomepageTitle()[pri:1000, instance:com.renewBuy.tests.AmazonTests@15ff3e9e] output={null}]</td></tr><tr><th>Exception</th></tr><tr><td><div class="stacktrace">java.lang.NullPointerException: Cannot invoke &quot;commonLibs.CommonDriver.closeAllBrowser()&quot; because &quot;this.cmnDriver&quot; is null
	at com.renewBuy.tests.BaseTest.closeBrowerInstance(BaseTest.java:154)
	at com.renewBuy.tests.BaseTest.cleanUp(BaseTest.java:109)
	at java.base/java.util.ArrayList.forEach(ArrayList.java:1511)
... Removed 32 stack frames</div></td></tr></table><p class="totop"><a href="#summary">back to summary</a></p>
<h3 id="m8">com.renewBuy.tests.AmazonTests#setup</h3><table class="result"><tr class="param"><th>Parameter #1</th></tr><tr class="param stripe"><td>firefox</td></tr><tr><th>Exception</th></tr><tr><td><div class="stacktrace">java.lang.IllegalStateException: The driver executable must exist: /Users/saurabhdhingra/eclipse-workspace/ModularFramework-16062022/driver/geckodriver
	at org.openqa.selenium.internal.Require$FileStateChecker.isFile(Require.java:342)
	at org.openqa.selenium.remote.service.DriverService.checkExecutable(DriverService.java:147)
	at org.openqa.selenium.remote.service.DriverService.findExecutable(DriverService.java:142)
	at org.openqa.selenium.firefox.GeckoDriverService.access$100(GeckoDriverService.java:45)
	at org.openqa.selenium.firefox.GeckoDriverService$Builder.findDefaultExecutable(GeckoDriverService.java:181)
	at org.openqa.selenium.remote.service.DriverService$Builder.build(DriverService.java:437)
	at org.openqa.selenium.firefox.GeckoDriverService.createDefaultService(GeckoDriverService.java:94)
	at org.openqa.selenium.firefox.FirefoxDriver.&lt;init&gt;(FirefoxDriver.java:106)
	at org.openqa.selenium.firefox.FirefoxDriver.&lt;init&gt;(FirefoxDriver.java:86)
	at commonLibs.CommonDriver.&lt;init&gt;(CommonDriver.java:44)
	at com.renewBuy.tests.BaseTest.openBrowserAndNavigateToAUrl(BaseTest.java:129)
	at com.renewBuy.tests.BaseTest.setup(BaseTest.java:87)
	at java.base/java.util.ArrayList.forEach(ArrayList.java:1511)
... Removed 31 stack frames</div></td></tr></table><p class="totop"><a href="#summary">back to summary</a></p>
<h3 id="m9">com.renewBuy.tests.AmazonTests#setup</h3><table class="result"><tr class="param"><th>Parameter #1</th></tr><tr class="param stripe"><td>firefox</td></tr><tr><th>Exception</th></tr><tr><td><div class="stacktrace">java.lang.IllegalStateException: The driver executable must exist: /Users/saurabhdhingra/eclipse-workspace/ModularFramework-16062022/driver/geckodriver
	at org.openqa.selenium.internal.Require$FileStateChecker.isFile(Require.java:342)
	at org.openqa.selenium.remote.service.DriverService.checkExecutable(DriverService.java:147)
	at org.openqa.selenium.remote.service.DriverService.findExecutable(DriverService.java:142)
	at org.openqa.selenium.firefox.GeckoDriverService.access$100(GeckoDriverService.java:45)
	at org.openqa.selenium.firefox.GeckoDriverService$Builder.findDefaultExecutable(GeckoDriverService.java:181)
	at org.openqa.selenium.remote.service.DriverService$Builder.build(DriverService.java:437)
	at org.openqa.selenium.firefox.GeckoDriverService.createDefaultService(GeckoDriverService.java:94)
	at org.openqa.selenium.firefox.FirefoxDriver.&lt;init&gt;(FirefoxDriver.java:106)
	at org.openqa.selenium.firefox.FirefoxDriver.&lt;init&gt;(FirefoxDriver.java:86)
	at commonLibs.CommonDriver.&lt;init&gt;(CommonDriver.java:44)
	at com.renewBuy.tests.BaseTest.openBrowserAndNavigateToAUrl(BaseTest.java:129)
	at com.renewBuy.tests.BaseTest.setup(BaseTest.java:87)
	at java.base/java.util.ArrayList.forEach(ArrayList.java:1511)
... Removed 31 stack frames</div></td></tr></table><p class="totop"><a href="#summary">back to summary</a></p>
<h3 id="m10">com.renewBuy.tests.AmazonTests#searchProduct</h3><table class="result"><tr><th>Exception</th></tr><tr><td><div class="stacktrace">java.lang.IllegalStateException: The driver executable must exist: /Users/saurabhdhingra/eclipse-workspace/ModularFramework-16062022/driver/geckodriver
	at org.openqa.selenium.internal.Require$FileStateChecker.isFile(Require.java:342)
	at org.openqa.selenium.remote.service.DriverService.checkExecutable(DriverService.java:147)
	at org.openqa.selenium.remote.service.DriverService.findExecutable(DriverService.java:142)
	at org.openqa.selenium.firefox.GeckoDriverService.access$100(GeckoDriverService.java:45)
	at org.openqa.selenium.firefox.GeckoDriverService$Builder.findDefaultExecutable(GeckoDriverService.java:181)
	at org.openqa.selenium.remote.service.DriverService$Builder.build(DriverService.java:437)
	at org.openqa.selenium.firefox.GeckoDriverService.createDefaultService(GeckoDriverService.java:94)
	at org.openqa.selenium.firefox.FirefoxDriver.&lt;init&gt;(FirefoxDriver.java:106)
	at org.openqa.selenium.firefox.FirefoxDriver.&lt;init&gt;(FirefoxDriver.java:86)
	at commonLibs.CommonDriver.&lt;init&gt;(CommonDriver.java:44)
	at com.renewBuy.tests.BaseTest.openBrowserAndNavigateToAUrl(BaseTest.java:129)
	at com.renewBuy.tests.BaseTest.setup(BaseTest.java:87)
	at java.base/java.util.ArrayList.forEach(ArrayList.java:1511)
... Removed 31 stack frames</div></td></tr></table><p class="totop"><a href="#summary">back to summary</a></p>
<h3 id="m11">com.renewBuy.tests.AmazonTests#verifyHomepageTitle</h3><table class="result"><tr><th>Exception</th></tr><tr><td><div class="stacktrace">java.lang.IllegalStateException: The driver executable must exist: /Users/saurabhdhingra/eclipse-workspace/ModularFramework-16062022/driver/geckodriver
	at org.openqa.selenium.internal.Require$FileStateChecker.isFile(Require.java:342)
	at org.openqa.selenium.remote.service.DriverService.checkExecutable(DriverService.java:147)
	at org.openqa.selenium.remote.service.DriverService.findExecutable(DriverService.java:142)
	at org.openqa.selenium.firefox.GeckoDriverService.access$100(GeckoDriverService.java:45)
	at org.openqa.selenium.firefox.GeckoDriverService$Builder.findDefaultExecutable(GeckoDriverService.java:181)
	at org.openqa.selenium.remote.service.DriverService$Builder.build(DriverService.java:437)
	at org.openqa.selenium.firefox.GeckoDriverService.createDefaultService(GeckoDriverService.java:94)
	at org.openqa.selenium.firefox.FirefoxDriver.&lt;init&gt;(FirefoxDriver.java:106)
	at org.openqa.selenium.firefox.FirefoxDriver.&lt;init&gt;(FirefoxDriver.java:86)
	at commonLibs.CommonDriver.&lt;init&gt;(CommonDriver.java:44)
	at com.renewBuy.tests.BaseTest.openBrowserAndNavigateToAUrl(BaseTest.java:129)
	at com.renewBuy.tests.BaseTest.setup(BaseTest.java:87)
	at java.base/java.util.ArrayList.forEach(ArrayList.java:1511)
... Removed 31 stack frames</div></td></tr></table><p class="totop"><a href="#summary">back to summary</a></p>
</body>
</html>
